# JRE version: Java(TM) SE Runtime Environment (8.0_92-b14) (build 1.8.0_92-b14)
# Java VM: Java HotSpot(TM) 64-Bit Server VM (25.92-b14 mixed mode linux-amd64 compressed oops)
Heap:
 PSYoungGen      total 261632K, used 7454K [0x00000000eb600000, 0x00000000fc200000, 0x0000000100000000)
  eden space 249344K, 0% used [0x00000000eb600000,0x00000000eb600000,0x00000000fa980000)
  from space 12288K, 60% used [0x00000000fa980000,0x00000000fb0c7a20,0x00000000fb580000)
  to   space 11776K, 0% used [0x00000000fb580000,0x00000000fb580000,0x00000000fc100000)
 ParOldGen       total 47104K, used 18024K [0x00000000c2200000, 0x00000000c5000000, 0x00000000eb600000)
  object space 47104K, 38% used [0x00000000c2200000,0x00000000c339a238,0x00000000c5000000)
 Metaspace       used 23208K, capacity 28807K, committed 29056K, reserved 1071104K
  class space    used 6282K, capacity 8243K, committed 8320K, reserved 1048576K
GC Heap History (10 events):
Event: 4.615 GC heap after
Heap after GC invocations=5 (full 0):
 PSYoungGen      total 66048K, used 2528K [0x00000000eb600000, 0x00000000f3e00000, 0x0000000100000000)
  eden space 63488K, 0% used [0x00000000eb600000,0x00000000eb600000,0x00000000ef400000)
  from space 2560K, 98% used [0x00000000ef400000,0x00000000ef678020,0x00000000ef680000)
  to   space 6144K, 0% used [0x00000000f3800000,0x00000000f3800000,0x00000000f3e00000)
 ParOldGen       total 42496K, used 7829K [0x00000000c2200000, 0x00000000c4b80000, 0x00000000eb600000)
  object space 42496K, 18% used [0x00000000c2200000,0x00000000c29a5770,0x00000000c4b80000)
 Metaspace       used 14594K, capacity 16357K, committed 16640K, reserved 1062912K
  class space    used 3406K, capacity 3973K, committed 4096K, reserved 1048576K
}
Event: 4.873 GC heap before
{Heap before GC invocations=6 (full 0):
 PSYoungGen      total 66048K, used 66016K [0x00000000eb600000, 0x00000000f3e00000, 0x0000000100000000)
  eden space 63488K, 100% used [0x00000000eb600000,0x00000000ef400000,0x00000000ef400000)
  from space 2560K, 98% used [0x00000000ef400000,0x00000000ef678020,0x00000000ef680000)
  to   space 6144K, 0% used [0x00000000f3800000,0x00000000f3800000,0x00000000f3e00000)
 ParOldGen       total 42496K, used 7829K [0x00000000c2200000, 0x00000000c4b80000, 0x00000000eb600000)
  object space 42496K, 18% used [0x00000000c2200000,0x00000000c29a5770,0x00000000c4b80000)
 Metaspace       used 14814K, capacity 16635K, committed 16896K, reserved 1062912K
  class space    used 3469K, capacity 4051K, committed 4096K, reserved 1048576K
Event: 4.897 GC heap after
Heap after GC invocations=6 (full 0):
 PSYoungGen      total 131072K, used 6112K [0x00000000eb600000, 0x00000000f4200000, 0x0000000100000000)
  eden space 124928K, 0% used [0x00000000eb600000,0x00000000eb600000,0x00000000f3000000)
  from space 6144K, 99% used [0x00000000f3800000,0x00000000f3df8020,0x00000000f3e00000)
  to   space 8192K, 0% used [0x00000000f3000000,0x00000000f3000000,0x00000000f3800000)
 ParOldGen       total 42496K, used 10110K [0x00000000c2200000, 0x00000000c4b80000, 0x00000000eb600000)
  object space 42496K, 23% used [0x00000000c2200000,0x00000000c2bdf810,0x00000000c4b80000)
 Metaspace       used 14814K, capacity 16635K, committed 16896K, reserved 1062912K
  class space    used 3469K, capacity 4051K, committed 4096K, reserved 1048576K
}
Event: 5.877 GC heap before
{Heap before GC invocations=7 (full 0):
 PSYoungGen      total 131072K, used 131040K [0x00000000eb600000, 0x00000000f4200000, 0x0000000100000000)
  eden space 124928K, 100% used [0x00000000eb600000,0x00000000f3000000,0x00000000f3000000)
  from space 6144K, 99% used [0x00000000f3800000,0x00000000f3df8020,0x00000000f3e00000)
  to   space 8192K, 0% used [0x00000000f3000000,0x00000000f3000000,0x00000000f3800000)
 ParOldGen       total 42496K, used 10110K [0x00000000c2200000, 0x00000000c4b80000, 0x00000000eb600000)
  object space 42496K, 23% used [0x00000000c2200000,0x00000000c2bdf810,0x00000000c4b80000)
 Metaspace       used 16426K, capacity 18985K, committed 19072K, reserved 1062912K
  class space    used 4053K, capacity 4933K, committed 4992K, reserved 1048576K
Event: 5.925 GC heap after
Heap after GC invocations=7 (full 0):
 PSYoungGen      total 133120K, used 8190K [0x00000000eb600000, 0x00000000fc100000, 0x0000000100000000)
  eden space 124928K, 0% used [0x00000000eb600000,0x00000000eb600000,0x00000000f3000000)
  from space 8192K, 99% used [0x00000000f3000000,0x00000000f37ffb08,0x00000000f3800000)
  to   space 11776K, 0% used [0x00000000fb580000,0x00000000fb580000,0x00000000fc100000)
 ParOldGen       total 42496K, used 14676K [0x00000000c2200000, 0x00000000c4b80000, 0x00000000eb600000)
  object space 42496K, 34% used [0x00000000c2200000,0x00000000c3055350,0x00000000c4b80000)
 Metaspace       used 16426K, capacity 18985K, committed 19072K, reserved 1062912K
  class space    used 4053K, capacity 4933K, committed 4992K, reserved 1048576K
}
Event: 6.902 GC heap before
{Heap before GC invocations=8 (full 0):
 PSYoungGen      total 133120K, used 127071K [0x00000000eb600000, 0x00000000fc100000, 0x0000000100000000)
  eden space 124928K, 95% used [0x00000000eb600000,0x00000000f2a18368,0x00000000f3000000)
  from space 8192K, 99% used [0x00000000f3000000,0x00000000f37ffb08,0x00000000f3800000)
  to   space 11776K, 0% used [0x00000000fb580000,0x00000000fb580000,0x00000000fc100000)
 ParOldGen       total 42496K, used 14676K [0x00000000c2200000, 0x00000000c4b80000, 0x00000000eb600000)
  object space 42496K, 34% used [0x00000000c2200000,0x00000000c3055350,0x00000000c4b80000)
 Metaspace       used 18022K, capacity 21251K, committed 21296K, reserved 1064960K
  class space    used 4555K, capacity 5631K, committed 5632K, reserved 1048576K
Event: 6.927 GC heap after
Heap after GC invocations=8 (full 0):
 PSYoungGen      total 261120K, used 8768K [0x00000000eb600000, 0x00000000fc200000, 0x0000000100000000)
  eden space 249344K, 0% used [0x00000000eb600000,0x00000000eb600000,0x00000000fa980000)
  from space 11776K, 74% used [0x00000000fb580000,0x00000000fbe100e8,0x00000000fc100000)
  to   space 12288K, 0% used [0x00000000fa980000,0x00000000fa980000,0x00000000fb580000)
 ParOldGen       total 42496K, used 15691K [0x00000000c2200000, 0x00000000c4b80000, 0x00000000eb600000)
  object space 42496K, 36% used [0x00000000c2200000,0x00000000c3152c60,0x00000000c4b80000)
 Metaspace       used 18022K, capacity 21251K, committed 21296K, reserved 1064960K
  class space    used 4555K, capacity 5631K, committed 5632K, reserved 1048576K
}
Event: 6.927 GC heap before
{Heap before GC invocations=9 (full 1):
 PSYoungGen      total 261120K, used 8768K [0x00000000eb600000, 0x00000000fc200000, 0x0000000100000000)
  eden space 249344K, 0% used [0x00000000eb600000,0x00000000eb600000,0x00000000fa980000)
  from space 11776K, 74% used [0x00000000fb580000,0x00000000fbe100e8,0x00000000fc100000)
  to   space 12288K, 0% used [0x00000000fa980000,0x00000000fa980000,0x00000000fb580000)
 ParOldGen       total 42496K, used 15691K [0x00000000c2200000, 0x00000000c4b80000, 0x00000000eb600000)
  object space 42496K, 36% used [0x00000000c2200000,0x00000000c3152c60,0x00000000c4b80000)
 Metaspace       used 18022K, capacity 21251K, committed 21296K, reserved 1064960K
  class space    used 4555K, capacity 5631K, committed 5632K, reserved 1048576K
Event: 7.191 GC heap after
Heap after GC invocations=9 (full 1):
 PSYoungGen      total 261120K, used 0K [0x00000000eb600000, 0x00000000fc200000, 0x0000000100000000)
  eden space 249344K, 0% used [0x00000000eb600000,0x00000000eb600000,0x00000000fa980000)
  from space 11776K, 0% used [0x00000000fb580000,0x00000000fb580000,0x00000000fc100000)
  to   space 12288K, 0% used [0x00000000fa980000,0x00000000fa980000,0x00000000fb580000)
 ParOldGen       total 47104K, used 18016K [0x00000000c2200000, 0x00000000c5000000, 0x00000000eb600000)
  object space 47104K, 38% used [0x00000000c2200000,0x00000000c3398238,0x00000000c5000000)
 Metaspace       used 18022K, capacity 21251K, committed 21296K, reserved 1064960K
  class space    used 4555K, capacity 5631K, committed 5632K, reserved 1048576K
}
Event: 10.072 GC heap before
{Heap before GC invocations=10 (full 1):
 PSYoungGen      total 261120K, used 249344K [0x00000000eb600000, 0x00000000fc200000, 0x0000000100000000)
  eden space 249344K, 100% used [0x00000000eb600000,0x00000000fa980000,0x00000000fa980000)
  from space 11776K, 0% used [0x00000000fb580000,0x00000000fb580000,0x00000000fc100000)
  to   space 12288K, 0% used [0x00000000fa980000,0x00000000fa980000,0x00000000fb580000)
 ParOldGen       total 47104K, used 18016K [0x00000000c2200000, 0x00000000c5000000, 0x00000000eb600000)
  object space 47104K, 38% used [0x00000000c2200000,0x00000000c3398238,0x00000000c5000000)
 Metaspace       used 23208K, capacity 28807K, committed 29056K, reserved 1071104K
  class space    used 6282K, capacity 8243K, committed 8320K, reserved 1048576K

